<?xml version="1.0" encoding="UTF-8"?>
<!-- Generated by org.testng.reporters.JUnitReportReporter -->
<testsuite hostname="DESKTOP-ESENG68" name="com.uptake.tests.BlogPageTests" tests="1" failures="0" timestamp="5 Sep 2017 10:14:31 GMT" time="11.820" errors="0">
  <testcase name="verifyBlogPage" time="11.820" classname="com.uptake.tests.BlogPageTests"/>
</testsuite> <!-- com.uptake.tests.BlogPageTests -->
