<?xml version="1.0" encoding="UTF-8"?>
<!-- Generated by org.testng.reporters.JUnitReportReporter -->
<testsuite hostname="DESKTOP-ESENG68" name="com.uptake.tests.HomePageTests" tests="1" failures="0" timestamp="5 Sep 2017 10:14:31 GMT" time="0.019" errors="0">
  <testcase name="verifyHomePage" time="0.019" classname="com.uptake.tests.HomePageTests"/>
</testsuite> <!-- com.uptake.tests.HomePageTests -->
