<?xml version="1.0" encoding="UTF-8"?>
<!-- Generated by org.testng.reporters.JUnitReportReporter -->
<testsuite hostname="DESKTOP-ESENG68" name="com.uptake.tests.NewsRoomPageTests" tests="1" failures="0" timestamp="5 Sep 2017 10:14:31 GMT" time="5.136" errors="0">
  <testcase name="verifyNewsRoomPage" time="5.136" classname="com.uptake.tests.NewsRoomPageTests"/>
</testsuite> <!-- com.uptake.tests.NewsRoomPageTests -->
